;~===========================================================================================
;~                                          EnCodeIt
;~                                             By
;~                                          SmOke_N
;~===========================================================================================

;~===========================================================================================
;~                                          Functions
;~                                       January 14, 2018
;~                                           2:45 PM
;~===========================================================================================
;     No.     |              Function             |            EnCoded Function
;~===========================================================================================

         1.    _RandomAlphaNum                 1.    _Y9C4578A7D5A48840
         2.    _ProcessSuspend                 2.    _Y9E4588A7D5A48840
         3.    _elementExists                  3.    _Y9E4578A7D5A48840
         4.    _Base64Encode                   4.    _Y9E4578A2D5A48840
         5.    _Base64Decode                   5.    _Y9E4578A7D5A44840
         6.    _GetMACFromIP                   6.    _Y9E4578A705A48840
         7.    OnAutoItExit                    7.    _Y9E4578A7D5A48140
         8.    _ShowImg                        8.    _Y9E4578A7D5048840
         9.    _GetKey                         9.    _Y9E4578A7D5A48870
        10.    _Start                         10.    _Y9E457DA7D5A48840

;~===========================================================================================
;~                                          Variables
;~                                       January 14, 2018
;~                                           2:45 PM
;~===========================================================================================
;     No.     |              Variables            |            EnCoded Variables
;~===========================================================================================

         1.    $GUI_SS_DEFAULT_GUI                 1.    $Y9E4578A7D6A48840
         2.    $GUI_EVENT_CLOSE                    2.    $Y9EE578A745A48840
         3.    $WS_MINIMIZEBOX                     3.    $Y9E4BD8A7D5A48840
         4.    $imgThumnails2                      4.    $Y9E4538A7D5AD8840
         5.    $input_string                       5.    $Y9E4578A7A5A48840
         6.    $GUI_DISABLE                        6.    $Y9ED578A7D5C48840
         7.    $iFileExists                        7.    $Y9C4578AED5A48840
         8.    $Mac_address                        8.    $Y9E45B8A7D9A48840
         9.    $GUI_ENABLE                         9.    $Y9E4578A7C5A48890
        10.    $sSeparator                        10.    $Y9E4558A7D5A48820
        11.    $idListview                        11.    $Y9E4548A7D5A48840
        12.    $screenshot                        12.    $Y9EB578A7D5A48840
        13.    $time/1000                         13.    $Y9E4508A7D5A48840
        14.    $ipAddress                         14.    $Y9E4578A7D5A18840
        15.    $ES_NUMBER                         15.    $Y9E4578A7C5A48840
        16.    $processid                         16.    $Y9E4578A7D1A58840
        17.    $ai_Handle                         17.    $Y9E3578A7D5A48840
        18.    $GUIRESULT                         18.    $Y9E6578A7D5A48850
        19.    $tolerance                         19.    $Y9E4578A7D5A4B840
        20.    $nMsgShow                          20.    $Y9E457BA7D5A48840
        21.    $position                          21.    $Y9E4978A7D5A48840
        22.    $i_sucess                          22.    $Y9E4578AED5A48820
        23.    $Random10                          23.    $Y9E4578A7D5548840
        24.    $showPic                           24.    $Y9B4578A7D5A4D840
        25.    $Result2                           25.    $Y9E4578A7D5AB8840
        26.    $MACSize                           26.    $Y9E8578AFD5A48840
        27.    $element                           27.    $Y9E4578B7D5A68840
        28.    $process                           28.    $Y9E4578B7D5A48840
        29.    $default                           29.    $Y9E4578A7D6048840
        30.    $Random5                           30.    $Y9E4238A7D5A48840
        31.    $domain                            31.    $Y9E4577A7D5A48840
        32.    $struct                            32.    $Y9E457CAFD5A48840
        33.    $a_Call                            33.    $Y9E4578A7D5B48830
        34.    $hTimer                            34.    $Y9E4578A78FA48840
        35.    $getKey                            35.    $Y9E4578A795A48840
        36.    $height                            36.    $Y9E4578A3D5A48840
        37.    $GUIMsg                            37.    $Y9E4578A765A488F0
        38.    $Result                            38.    $Y9E45D8A7D5A48880
        39.    $total                             39.    $Y9E457817D5A48840
        40.    $input                             40.    $Y944578A7D5AA8840
        41.    $Alpha                             41.    $Y9EA578A7D5A46840
        42.    $fDiff                             42.    $Y9E4578A745A48840
        43.    $aItem                             43.    $Y9E417877D5A48840
        44.    $start                             44.    $Y9E4578A7D7A48840
        45.    $array                             45.    $Y9E457867D5A48840
        46.    $strc                              46.    $Y9E4578AAD5A48840
        47.    $time                              47.    $Y9E457857D5A48840
        48.    $File                              48.    $Y9E457BA7D5A38840
        49.    $nMsg                              49.    $Y9B4578A7D5A48860
        50.    $Host                              50.    $Y9E4575B7D5A48840
        51.    $ping                              51.    $Y9E4578A7D5AF8840
        52.    $sIP                               52.    $Y9E4528ACD5A48840
        53.    $iIP                               53.    $Y9E4578A5D5A48840
        54.    $obj                               54.    $Y9EF577A7D5A48840
        55.    $WGP                               55.    $Y9E4178A7D5A4E840
        56.    $MAC                               56.    $Y984568A7D5A48840
        57.    $IdC                               57.    $Y9E4578A2D5A48840
        58.    $len                               58.    $Y9E4A78A7D5AA8840
        59.    $GUI                               59.    $Y9E4578A715A48840
        60.    $URL                               60.    $Y9B4578A7D5AC8840
        61.    $new                               61.    $Y9E4576A7D5A48800
        62.    $OP                                62.    $Y9E4578A705A48830
        63.    $ip                                63.    $Y9E4578C7D5A48840
        64.    $r                                 64.    $Y9E0578A7D5A488D0
        65.    $x                                 65.    $Y9E4572A7D5AD8840
        66.    $i                                 66.    $Y9E457EA7D5A48840
        67.    $a                                 67.    $Y9E4578EDD5A48840
        68.    $s                                 68.    $Y9E457827D5A48840
        69.    $w                                 69.    $Y9E4478A7D5A48840
